[2024-05-31 00:02:34 [32mINFO [0;39m restartedMain] [com.green.gittest.GitTestApplication] [36mStarting GitTestApplication using Java 17.0.11 with PID 9956 (C:\Users\BJ\Desktop\자바\2024-1-test\build\classes\java\main started by BJ in C:\Users\BJ\Desktop\자바\2024-1-test)[0;39m
[2024-05-31 00:02:34 [32mINFO [0;39m restartedMain] [com.green.gittest.GitTestApplication] [36mNo active profile set, falling back to 1 default profile: "default"[0;39m
[2024-05-31 00:02:34 [32mINFO [0;39m restartedMain] [org.springframework.boot.devtools.env.DevToolsPropertyDefaultsPostProcessor] [36mDevtools property defaults active! Set 'spring.devtools.add-properties' to 'false' to disable[0;39m
[2024-05-31 00:02:34 [32mINFO [0;39m restartedMain] [org.springframework.boot.devtools.env.DevToolsPropertyDefaultsPostProcessor] [36mFor additional web related logging consider setting the 'logging.level.web' property to 'DEBUG'[0;39m
[2024-05-31 00:02:35 [32mINFO [0;39m restartedMain] [org.springframework.boot.web.embedded.tomcat.TomcatWebServer] [36mTomcat initialized with port 8080 (http)[0;39m
[2024-05-31 00:02:35 [32mINFO [0;39m restartedMain] [org.apache.coyote.http11.Http11NioProtocol] [36mInitializing ProtocolHandler ["http-nio-8080"][0;39m
[2024-05-31 00:02:35 [32mINFO [0;39m restartedMain] [org.apache.catalina.core.StandardService] [36mStarting service [Tomcat][0;39m
[2024-05-31 00:02:35 [32mINFO [0;39m restartedMain] [org.apache.catalina.core.StandardEngine] [36mStarting Servlet engine: [Apache Tomcat/10.1.20][0;39m
[2024-05-31 00:02:35 [32mINFO [0;39m restartedMain] [org.apache.catalina.core.ContainerBase.[Tomcat].[localhost].[/]] [36mInitializing Spring embedded WebApplicationContext[0;39m
[2024-05-31 00:02:35 [32mINFO [0;39m restartedMain] [org.springframework.boot.web.servlet.context.ServletWebServerApplicationContext] [36mRoot WebApplicationContext: initialization completed in 887 ms[0;39m
[2024-05-31 00:02:35 [32mINFO [0;39m restartedMain] [com.zaxxer.hikari.HikariDataSource] [36mHikariPool-1 - Starting...[0;39m
[2024-05-31 00:02:35 [32mINFO [0;39m restartedMain] [com.zaxxer.hikari.pool.HikariPool] [36mHikariPool-1 - Added connection net.sf.log4jdbc.sql.jdbcapi.ConnectionSpy@2fc74cd3[0;39m
[2024-05-31 00:02:35 [32mINFO [0;39m restartedMain] [com.zaxxer.hikari.HikariDataSource] [36mHikariPool-1 - Start completed.[0;39m
[2024-05-31 00:02:35 [32mINFO [0;39m restartedMain] [org.springframework.boot.devtools.autoconfigure.OptionalLiveReloadServer] [36mLiveReload server is running on port 35729[0;39m
[2024-05-31 00:02:35 [32mINFO [0;39m restartedMain] [org.springframework.boot.actuate.endpoint.web.EndpointLinksResolver] [36mExposing 1 endpoint(s) beneath base path '/actuator'[0;39m
[2024-05-31 00:02:35 [32mINFO [0;39m restartedMain] [org.apache.coyote.http11.Http11NioProtocol] [36mStarting ProtocolHandler ["http-nio-8080"][0;39m
[2024-05-31 00:02:35 [32mINFO [0;39m restartedMain] [org.springframework.boot.web.embedded.tomcat.TomcatWebServer] [36mTomcat started on port 8080 (http) with context path ''[0;39m
[2024-05-31 00:02:35 [32mINFO [0;39m restartedMain] [com.green.gittest.GitTestApplication] [36mStarted GitTestApplication in 1.899 seconds (process running for 2.205)[0;39m
[2024-05-31 00:02:36 [32mINFO [0;39m RMI TCP Connection(1)-192.168.219.100] [org.apache.catalina.core.ContainerBase.[Tomcat].[localhost].[/]] [36mInitializing Spring DispatcherServlet 'dispatcherServlet'[0;39m
[2024-05-31 00:02:36 [32mINFO [0;39m RMI TCP Connection(1)-192.168.219.100] [org.springframework.web.servlet.DispatcherServlet] [36mInitializing Servlet 'dispatcherServlet'[0;39m
[2024-05-31 00:02:36 [32mINFO [0;39m RMI TCP Connection(1)-192.168.219.100] [org.springframework.web.servlet.DispatcherServlet] [36mCompleted initialization in 0 ms[0;39m
[2024-05-31 00:02:42 [32mDEBUG[0;39m http-nio-8080-exec-1] [jdbc.sqltiming] [36m com.zaxxer.hikari.pool.ProxyPreparedStatement.execute(ProxyPreparedStatement.java:44)
1. SELECT
        image_id AS imageId, image_url AS imageUrl
        FROM
        event_banner
        ORDER BY image_id
        LIMIT 0, 1
 {executed in 2 msec}[0;39m
[2024-05-31 00:02:42 [32mINFO [0;39m http-nio-8080-exec-1] [jdbc.resultsettable] [36m
|---------|----------|
|image_id |image_url |
|---------|----------|
|2        |string    |
|---------|----------|
[0;39m
[2024-05-31 00:02:45 [32mDEBUG[0;39m http-nio-8080-exec-2] [jdbc.sqltiming] [36m com.zaxxer.hikari.pool.ProxyPreparedStatement.execute(ProxyPreparedStatement.java:44)
1. SELECT
        image_id AS imageId, image_url AS imageUrl
        FROM
        event_banner
        ORDER BY image_id
        LIMIT 0, 3
 {executed in 7 msec}[0;39m
[2024-05-31 00:02:45 [32mINFO [0;39m http-nio-8080-exec-2] [jdbc.resultsettable] [36m
|---------|----------|
|image_id |image_url |
|---------|----------|
|2        |string    |
|3        |string    |
|4        |string    |
|---------|----------|
[0;39m
[2024-05-31 00:02:48 [32mDEBUG[0;39m http-nio-8080-exec-3] [jdbc.sqltiming] [36m com.zaxxer.hikari.pool.ProxyPreparedStatement.execute(ProxyPreparedStatement.java:44)
1. SELECT
        image_id AS imageId, image_url AS imageUrl
        FROM
        event_banner
        ORDER BY image_id
        LIMIT 0, 5
 {executed in 0 msec}[0;39m
[2024-05-31 00:02:48 [32mINFO [0;39m http-nio-8080-exec-3] [jdbc.resultsettable] [36m
|---------|----------|
|image_id |image_url |
|---------|----------|
|2        |string    |
|3        |string    |
|4        |string    |
|---------|----------|
[0;39m
[2024-05-31 00:02:53 [32mINFO [0;39m SpringApplicationShutdownHook] [com.zaxxer.hikari.HikariDataSource] [36mHikariPool-1 - Shutdown initiated...[0;39m
[2024-05-31 00:02:53 [32mINFO [0;39m SpringApplicationShutdownHook] [com.zaxxer.hikari.HikariDataSource] [36mHikariPool-1 - Shutdown completed.[0;39m
[2024-05-31 00:06:49 [32mINFO [0;39m restartedMain] [com.green.gittest.GitTestApplication] [36mStarting GitTestApplication using Java 17.0.11 with PID 6392 (C:\Users\BJ\Desktop\자바\2024-1-test\build\classes\java\main started by BJ in C:\Users\BJ\Desktop\자바\2024-1-test)[0;39m
[2024-05-31 00:06:49 [32mINFO [0;39m restartedMain] [com.green.gittest.GitTestApplication] [36mNo active profile set, falling back to 1 default profile: "default"[0;39m
[2024-05-31 00:06:49 [32mINFO [0;39m restartedMain] [org.springframework.boot.devtools.env.DevToolsPropertyDefaultsPostProcessor] [36mDevtools property defaults active! Set 'spring.devtools.add-properties' to 'false' to disable[0;39m
[2024-05-31 00:06:49 [32mINFO [0;39m restartedMain] [org.springframework.boot.devtools.env.DevToolsPropertyDefaultsPostProcessor] [36mFor additional web related logging consider setting the 'logging.level.web' property to 'DEBUG'[0;39m
[2024-05-31 00:06:49 [32mINFO [0;39m restartedMain] [org.springframework.boot.web.embedded.tomcat.TomcatWebServer] [36mTomcat initialized with port 8080 (http)[0;39m
[2024-05-31 00:06:49 [32mINFO [0;39m restartedMain] [org.apache.coyote.http11.Http11NioProtocol] [36mInitializing ProtocolHandler ["http-nio-8080"][0;39m
[2024-05-31 00:06:49 [32mINFO [0;39m restartedMain] [org.apache.catalina.core.StandardService] [36mStarting service [Tomcat][0;39m
[2024-05-31 00:06:49 [32mINFO [0;39m restartedMain] [org.apache.catalina.core.StandardEngine] [36mStarting Servlet engine: [Apache Tomcat/10.1.20][0;39m
[2024-05-31 00:06:49 [32mINFO [0;39m restartedMain] [org.apache.catalina.core.ContainerBase.[Tomcat].[localhost].[/]] [36mInitializing Spring embedded WebApplicationContext[0;39m
[2024-05-31 00:06:49 [32mINFO [0;39m restartedMain] [org.springframework.boot.web.servlet.context.ServletWebServerApplicationContext] [36mRoot WebApplicationContext: initialization completed in 906 ms[0;39m
[2024-05-31 00:06:50 [32mINFO [0;39m restartedMain] [com.zaxxer.hikari.HikariDataSource] [36mHikariPool-1 - Starting...[0;39m
[2024-05-31 00:06:50 [32mINFO [0;39m restartedMain] [com.zaxxer.hikari.pool.HikariPool] [36mHikariPool-1 - Added connection net.sf.log4jdbc.sql.jdbcapi.ConnectionSpy@2f821baf[0;39m
[2024-05-31 00:06:50 [32mINFO [0;39m restartedMain] [com.zaxxer.hikari.HikariDataSource] [36mHikariPool-1 - Start completed.[0;39m
[2024-05-31 00:06:50 [32mINFO [0;39m restartedMain] [org.springframework.boot.devtools.autoconfigure.OptionalLiveReloadServer] [36mLiveReload server is running on port 35729[0;39m
[2024-05-31 00:06:50 [32mINFO [0;39m restartedMain] [org.springframework.boot.actuate.endpoint.web.EndpointLinksResolver] [36mExposing 1 endpoint(s) beneath base path '/actuator'[0;39m
[2024-05-31 00:06:50 [32mINFO [0;39m restartedMain] [org.apache.coyote.http11.Http11NioProtocol] [36mStarting ProtocolHandler ["http-nio-8080"][0;39m
[2024-05-31 00:06:50 [32mINFO [0;39m restartedMain] [org.springframework.boot.web.embedded.tomcat.TomcatWebServer] [36mTomcat started on port 8080 (http) with context path ''[0;39m
[2024-05-31 00:06:50 [32mINFO [0;39m restartedMain] [com.green.gittest.GitTestApplication] [36mStarted GitTestApplication in 1.925 seconds (process running for 2.236)[0;39m
[2024-05-31 00:06:51 [32mINFO [0;39m RMI TCP Connection(2)-192.168.219.100] [org.apache.catalina.core.ContainerBase.[Tomcat].[localhost].[/]] [36mInitializing Spring DispatcherServlet 'dispatcherServlet'[0;39m
[2024-05-31 00:06:51 [32mINFO [0;39m RMI TCP Connection(2)-192.168.219.100] [org.springframework.web.servlet.DispatcherServlet] [36mInitializing Servlet 'dispatcherServlet'[0;39m
[2024-05-31 00:06:51 [32mINFO [0;39m RMI TCP Connection(2)-192.168.219.100] [org.springframework.web.servlet.DispatcherServlet] [36mCompleted initialization in 1 ms[0;39m
[2024-05-31 00:06:52 [32mINFO [0;39m http-nio-8080-exec-4] [org.springdoc.api.AbstractOpenApiResource] [36mInit duration for springdoc-openapi is: 256 ms[0;39m
[2024-05-31 00:06:55 [32mDEBUG[0;39m http-nio-8080-exec-5] [jdbc.sqltiming] [36m com.zaxxer.hikari.pool.ProxyPreparedStatement.execute(ProxyPreparedStatement.java:44)
1. SELECT
        image_id AS imageId, image_url AS imageUrl
        FROM
        event_banner
        ORDER BY image_id
        LIMIT 0, 5
 {executed in 2 msec}[0;39m
[2024-05-31 00:06:55 [32mINFO [0;39m http-nio-8080-exec-5] [jdbc.resultsettable] [36m
|---------|----------|
|image_id |image_url |
|---------|----------|
|2        |string    |
|3        |string    |
|4        |string    |
|---------|----------|
[0;39m
[2024-05-31 00:07:06 [32mDEBUG[0;39m http-nio-8080-exec-6] [jdbc.sqltiming] [36m com.zaxxer.hikari.pool.ProxyPreparedStatement.execute(ProxyPreparedStatement.java:44)
1. INSERT INTO main_banner
        (image_url)
        VALUES
        ('string')
 {executed in 7 msec}[0;39m
[2024-05-31 00:07:06 [32mDEBUG[0;39m http-nio-8080-exec-6] [jdbc.sqltiming] [36m com.zaxxer.hikari.pool.ProxyStatement.getGeneratedKeys(ProxyStatement.java:229)
1. getGeneratedKeys on query: INSERT INTO main_banner
        (image_url)
        VALUES
        ('string')
 {executed in 0 msec}[0;39m
[2024-05-31 00:07:06 [32mINFO [0;39m http-nio-8080-exec-6] [jdbc.resultsettable] [36m
|----------|
|insert_id |
|----------|
|1         |
|----------|
[0;39m
[2024-05-31 00:07:07 [32mDEBUG[0;39m http-nio-8080-exec-7] [jdbc.sqltiming] [36m com.zaxxer.hikari.pool.ProxyPreparedStatement.execute(ProxyPreparedStatement.java:44)
1. INSERT INTO main_banner
        (image_url)
        VALUES
        ('string')
 {executed in 2 msec}[0;39m
[2024-05-31 00:07:07 [32mDEBUG[0;39m http-nio-8080-exec-7] [jdbc.sqltiming] [36m com.zaxxer.hikari.pool.ProxyStatement.getGeneratedKeys(ProxyStatement.java:229)
1. getGeneratedKeys on query: INSERT INTO main_banner
        (image_url)
        VALUES
        ('string')
 {executed in 0 msec}[0;39m
[2024-05-31 00:07:07 [32mINFO [0;39m http-nio-8080-exec-7] [jdbc.resultsettable] [36m
|----------|
|insert_id |
|----------|
|2         |
|----------|
[0;39m
[2024-05-31 00:07:07 [32mDEBUG[0;39m http-nio-8080-exec-8] [jdbc.sqltiming] [36m com.zaxxer.hikari.pool.ProxyPreparedStatement.execute(ProxyPreparedStatement.java:44)
1. INSERT INTO main_banner
        (image_url)
        VALUES
        ('string')
 {executed in 6 msec}[0;39m
[2024-05-31 00:07:07 [32mDEBUG[0;39m http-nio-8080-exec-8] [jdbc.sqltiming] [36m com.zaxxer.hikari.pool.ProxyStatement.getGeneratedKeys(ProxyStatement.java:229)
1. getGeneratedKeys on query: INSERT INTO main_banner
        (image_url)
        VALUES
        ('string')
 {executed in 0 msec}[0;39m
[2024-05-31 00:07:07 [32mINFO [0;39m http-nio-8080-exec-8] [jdbc.resultsettable] [36m
|----------|
|insert_id |
|----------|
|3         |
|----------|
[0;39m
[2024-05-31 00:07:08 [32mDEBUG[0;39m http-nio-8080-exec-10] [jdbc.sqltiming] [36m com.zaxxer.hikari.pool.ProxyPreparedStatement.execute(ProxyPreparedStatement.java:44)
1. INSERT INTO main_banner
        (image_url)
        VALUES
        ('string')
 {executed in 16 msec}[0;39m
[2024-05-31 00:07:08 [32mDEBUG[0;39m http-nio-8080-exec-10] [jdbc.sqltiming] [36m com.zaxxer.hikari.pool.ProxyStatement.getGeneratedKeys(ProxyStatement.java:229)
1. getGeneratedKeys on query: INSERT INTO main_banner
        (image_url)
        VALUES
        ('string')
 {executed in 0 msec}[0;39m
[2024-05-31 00:07:08 [32mINFO [0;39m http-nio-8080-exec-10] [jdbc.resultsettable] [36m
|----------|
|insert_id |
|----------|
|4         |
|----------|
[0;39m
[2024-05-31 00:07:08 [32mDEBUG[0;39m http-nio-8080-exec-9] [jdbc.sqltiming] [36m com.zaxxer.hikari.pool.ProxyPreparedStatement.execute(ProxyPreparedStatement.java:44)
1. INSERT INTO main_banner
        (image_url)
        VALUES
        ('string')
 {executed in 2 msec}[0;39m
[2024-05-31 00:07:08 [32mDEBUG[0;39m http-nio-8080-exec-9] [jdbc.sqltiming] [36m com.zaxxer.hikari.pool.ProxyStatement.getGeneratedKeys(ProxyStatement.java:229)
1. getGeneratedKeys on query: INSERT INTO main_banner
        (image_url)
        VALUES
        ('string')
 {executed in 0 msec}[0;39m
[2024-05-31 00:07:08 [32mINFO [0;39m http-nio-8080-exec-9] [jdbc.resultsettable] [36m
|----------|
|insert_id |
|----------|
|5         |
|----------|
[0;39m
[2024-05-31 00:07:08 [32mDEBUG[0;39m http-nio-8080-exec-1] [jdbc.sqltiming] [36m com.zaxxer.hikari.pool.ProxyPreparedStatement.execute(ProxyPreparedStatement.java:44)
1. INSERT INTO main_banner
        (image_url)
        VALUES
        ('string')
 {executed in 1 msec}[0;39m
[2024-05-31 00:07:08 [32mDEBUG[0;39m http-nio-8080-exec-1] [jdbc.sqltiming] [36m com.zaxxer.hikari.pool.ProxyStatement.getGeneratedKeys(ProxyStatement.java:229)
1. getGeneratedKeys on query: INSERT INTO main_banner
        (image_url)
        VALUES
        ('string')
 {executed in 1 msec}[0;39m
[2024-05-31 00:07:08 [32mINFO [0;39m http-nio-8080-exec-1] [jdbc.resultsettable] [36m
|----------|
|insert_id |
|----------|
|6         |
|----------|
[0;39m
[2024-05-31 00:07:08 [32mDEBUG[0;39m http-nio-8080-exec-3] [jdbc.sqltiming] [36m com.zaxxer.hikari.pool.ProxyPreparedStatement.execute(ProxyPreparedStatement.java:44)
1. INSERT INTO main_banner
        (image_url)
        VALUES
        ('string')
 {executed in 2 msec}[0;39m
[2024-05-31 00:07:08 [32mDEBUG[0;39m http-nio-8080-exec-3] [jdbc.sqltiming] [36m com.zaxxer.hikari.pool.ProxyStatement.getGeneratedKeys(ProxyStatement.java:229)
1. getGeneratedKeys on query: INSERT INTO main_banner
        (image_url)
        VALUES
        ('string')
 {executed in 0 msec}[0;39m
[2024-05-31 00:07:08 [32mINFO [0;39m http-nio-8080-exec-3] [jdbc.resultsettable] [36m
|----------|
|insert_id |
|----------|
|7         |
|----------|
[0;39m
[2024-05-31 00:07:20 [32mDEBUG[0;39m http-nio-8080-exec-2] [jdbc.sqltiming] [36m com.zaxxer.hikari.pool.ProxyPreparedStatement.execute(ProxyPreparedStatement.java:44)
1. SELECT
        image_id AS imageId, image_url AS imageUrl
        FROM
        main_banner
 {executed in 0 msec}[0;39m
[2024-05-31 00:07:20 [32mINFO [0;39m http-nio-8080-exec-2] [jdbc.resultsettable] [36m
|---------|----------|
|image_id |image_url |
|---------|----------|
|1        |string    |
|2        |string    |
|3        |string    |
|4        |string    |
|5        |string    |
|6        |string    |
|7        |string    |
|---------|----------|
[0;39m
[2024-05-31 00:07:25 [33mWARN [0;39m http-nio-8080-exec-4] [org.springframework.web.servlet.mvc.method.annotation.ExceptionHandlerExceptionResolver] [36mResolved [org.springframework.web.bind.MissingServletRequestParameterException: Required request parameter 'p' for method parameter type Object is not present][0;39m
[2024-05-31 00:07:29 [32mDEBUG[0;39m http-nio-8080-exec-5] [jdbc.sqltiming] [36m com.zaxxer.hikari.pool.ProxyPreparedStatement.execute(ProxyPreparedStatement.java:44)
1. SELECT
        image_id AS imageId, image_url AS imageUrl
        FROM
        main_banner
 {executed in 0 msec}[0;39m
[2024-05-31 00:07:29 [32mINFO [0;39m http-nio-8080-exec-5] [jdbc.resultsettable] [36m
|---------|----------|
|image_id |image_url |
|---------|----------|
|1        |string    |
|2        |string    |
|3        |string    |
|4        |string    |
|5        |string    |
|6        |string    |
|7        |string    |
|---------|----------|
[0;39m
[2024-05-31 00:07:31 [32mDEBUG[0;39m http-nio-8080-exec-6] [jdbc.sqltiming] [36m com.zaxxer.hikari.pool.ProxyPreparedStatement.execute(ProxyPreparedStatement.java:44)
1. SELECT
        image_id AS imageId, image_url AS imageUrl
        FROM
        main_banner
 {executed in 0 msec}[0;39m
[2024-05-31 00:07:31 [32mINFO [0;39m http-nio-8080-exec-6] [jdbc.resultsettable] [36m
|---------|----------|
|image_id |image_url |
|---------|----------|
|1        |string    |
|2        |string    |
|3        |string    |
|4        |string    |
|5        |string    |
|6        |string    |
|7        |string    |
|---------|----------|
[0;39m
[2024-05-31 00:07:33 [32mDEBUG[0;39m http-nio-8080-exec-7] [jdbc.sqltiming] [36m com.zaxxer.hikari.pool.ProxyPreparedStatement.execute(ProxyPreparedStatement.java:44)
1. SELECT
        image_id AS imageId, image_url AS imageUrl
        FROM
        main_banner
 {executed in 1 msec}[0;39m
[2024-05-31 00:07:33 [32mINFO [0;39m http-nio-8080-exec-7] [jdbc.resultsettable] [36m
|---------|----------|
|image_id |image_url |
|---------|----------|
|1        |string    |
|2        |string    |
|3        |string    |
|4        |string    |
|5        |string    |
|6        |string    |
|7        |string    |
|---------|----------|
[0;39m
[2024-05-31 00:07:39 [32mDEBUG[0;39m http-nio-8080-exec-8] [jdbc.sqltiming] [36m com.zaxxer.hikari.pool.ProxyPreparedStatement.execute(ProxyPreparedStatement.java:44)
1. SELECT
        image_id AS imageId, image_url AS imageUrl
        FROM
        main_banner
 {executed in 0 msec}[0;39m
[2024-05-31 00:07:39 [32mINFO [0;39m http-nio-8080-exec-8] [jdbc.resultsettable] [36m
|---------|----------|
|image_id |image_url |
|---------|----------|
|1        |string    |
|2        |string    |
|3        |string    |
|4        |string    |
|5        |string    |
|6        |string    |
|7        |string    |
|---------|----------|
[0;39m
[2024-05-31 00:07:47 [33mWARN [0;39m http-nio-8080-exec-10] [org.springframework.web.servlet.mvc.method.annotation.ExceptionHandlerExceptionResolver] [36mResolved [org.springframework.web.multipart.MultipartException: Failed to parse multipart servlet request][0;39m
[2024-05-31 00:08:50 [32mINFO [0;39m SpringApplicationShutdownHook] [com.zaxxer.hikari.HikariDataSource] [36mHikariPool-1 - Shutdown initiated...[0;39m
[2024-05-31 00:08:50 [32mINFO [0;39m SpringApplicationShutdownHook] [com.zaxxer.hikari.HikariDataSource] [36mHikariPool-1 - Shutdown completed.[0;39m
[2024-05-31 00:08:52 [32mINFO [0;39m restartedMain] [com.green.gittest.GitTestApplication] [36mStarting GitTestApplication using Java 17.0.11 with PID 5196 (C:\Users\BJ\Desktop\자바\2024-1-test\build\classes\java\main started by BJ in C:\Users\BJ\Desktop\자바\2024-1-test)[0;39m
[2024-05-31 00:08:52 [32mINFO [0;39m restartedMain] [com.green.gittest.GitTestApplication] [36mNo active profile set, falling back to 1 default profile: "default"[0;39m
[2024-05-31 00:08:52 [32mINFO [0;39m restartedMain] [org.springframework.boot.devtools.env.DevToolsPropertyDefaultsPostProcessor] [36mDevtools property defaults active! Set 'spring.devtools.add-properties' to 'false' to disable[0;39m
[2024-05-31 00:08:52 [32mINFO [0;39m restartedMain] [org.springframework.boot.devtools.env.DevToolsPropertyDefaultsPostProcessor] [36mFor additional web related logging consider setting the 'logging.level.web' property to 'DEBUG'[0;39m
[2024-05-31 00:08:53 [32mINFO [0;39m restartedMain] [org.springframework.boot.web.embedded.tomcat.TomcatWebServer] [36mTomcat initialized with port 8080 (http)[0;39m
[2024-05-31 00:08:53 [32mINFO [0;39m restartedMain] [org.apache.coyote.http11.Http11NioProtocol] [36mInitializing ProtocolHandler ["http-nio-8080"][0;39m
[2024-05-31 00:08:53 [32mINFO [0;39m restartedMain] [org.apache.catalina.core.StandardService] [36mStarting service [Tomcat][0;39m
[2024-05-31 00:08:53 [32mINFO [0;39m restartedMain] [org.apache.catalina.core.StandardEngine] [36mStarting Servlet engine: [Apache Tomcat/10.1.20][0;39m
[2024-05-31 00:08:53 [32mINFO [0;39m restartedMain] [org.apache.catalina.core.ContainerBase.[Tomcat].[localhost].[/]] [36mInitializing Spring embedded WebApplicationContext[0;39m
[2024-05-31 00:08:53 [32mINFO [0;39m restartedMain] [org.springframework.boot.web.servlet.context.ServletWebServerApplicationContext] [36mRoot WebApplicationContext: initialization completed in 873 ms[0;39m
[2024-05-31 00:08:53 [32mINFO [0;39m restartedMain] [com.zaxxer.hikari.HikariDataSource] [36mHikariPool-1 - Starting...[0;39m
[2024-05-31 00:08:53 [32mINFO [0;39m restartedMain] [com.zaxxer.hikari.pool.HikariPool] [36mHikariPool-1 - Added connection net.sf.log4jdbc.sql.jdbcapi.ConnectionSpy@2f89e2e3[0;39m
[2024-05-31 00:08:53 [32mINFO [0;39m restartedMain] [com.zaxxer.hikari.HikariDataSource] [36mHikariPool-1 - Start completed.[0;39m
[2024-05-31 00:08:53 [32mINFO [0;39m restartedMain] [org.springframework.boot.devtools.autoconfigure.OptionalLiveReloadServer] [36mLiveReload server is running on port 35729[0;39m
[2024-05-31 00:08:53 [32mINFO [0;39m restartedMain] [org.springframework.boot.actuate.endpoint.web.EndpointLinksResolver] [36mExposing 1 endpoint(s) beneath base path '/actuator'[0;39m
[2024-05-31 00:08:53 [32mINFO [0;39m restartedMain] [org.apache.coyote.http11.Http11NioProtocol] [36mStarting ProtocolHandler ["http-nio-8080"][0;39m
[2024-05-31 00:08:53 [32mINFO [0;39m restartedMain] [org.springframework.boot.web.embedded.tomcat.TomcatWebServer] [36mTomcat started on port 8080 (http) with context path ''[0;39m
[2024-05-31 00:08:53 [32mINFO [0;39m restartedMain] [com.green.gittest.GitTestApplication] [36mStarted GitTestApplication in 1.9 seconds (process running for 2.207)[0;39m
[2024-05-31 00:08:54 [32mINFO [0;39m RMI TCP Connection(1)-192.168.219.100] [org.apache.catalina.core.ContainerBase.[Tomcat].[localhost].[/]] [36mInitializing Spring DispatcherServlet 'dispatcherServlet'[0;39m
[2024-05-31 00:08:54 [32mINFO [0;39m RMI TCP Connection(1)-192.168.219.100] [org.springframework.web.servlet.DispatcherServlet] [36mInitializing Servlet 'dispatcherServlet'[0;39m
[2024-05-31 00:08:54 [32mINFO [0;39m RMI TCP Connection(1)-192.168.219.100] [org.springframework.web.servlet.DispatcherServlet] [36mCompleted initialization in 0 ms[0;39m
[2024-05-31 00:08:54 [32mINFO [0;39m http-nio-8080-exec-5] [org.springdoc.api.AbstractOpenApiResource] [36mInit duration for springdoc-openapi is: 255 ms[0;39m
[2024-05-31 00:08:58 [32mDEBUG[0;39m http-nio-8080-exec-3] [jdbc.sqltiming] [36m com.zaxxer.hikari.pool.ProxyPreparedStatement.execute(ProxyPreparedStatement.java:44)
1. DELETE from main_banner
        where image_id = 4
 {executed in 6 msec}[0;39m
[2024-05-31 00:09:02 [32mDEBUG[0;39m http-nio-8080-exec-6] [jdbc.sqltiming] [36m com.zaxxer.hikari.pool.ProxyPreparedStatement.execute(ProxyPreparedStatement.java:44)
1. DELETE from main_banner
        where image_id = 444
 {executed in 1 msec}[0;39m
[2024-05-31 00:09:08 [32mINFO [0;39m SpringApplicationShutdownHook] [com.zaxxer.hikari.HikariDataSource] [36mHikariPool-1 - Shutdown initiated...[0;39m
[2024-05-31 00:09:08 [32mINFO [0;39m SpringApplicationShutdownHook] [com.zaxxer.hikari.HikariDataSource] [36mHikariPool-1 - Shutdown completed.[0;39m
